# JRE version: Java(TM) SE Runtime Environment (8.0_291-b10) (build 1.8.0_291-b10)
# Java VM: Java HotSpot(TM) 64-Bit Server VM (25.291-b10 mixed mode windows-amd64 compressed oops)
Heap:
 PSYoungGen      total 71680K, used 54505K [0x00000000d5700000, 0x00000000da200000, 0x0000000100000000)
  eden space 66560K, 81% used [0x00000000d5700000,0x00000000d8c3a540,0x00000000d9800000)
  from space 5120K, 0% used [0x00000000d9d00000,0x00000000d9d00000,0x00000000da200000)
  to   space 5120K, 0% used [0x00000000d9800000,0x00000000d9800000,0x00000000d9d00000)
 ParOldGen       total 56320K, used 5986K [0x0000000080400000, 0x0000000083b00000, 0x00000000d5700000)
  object space 56320K, 10% used [0x0000000080400000,0x00000000809d8a58,0x0000000083b00000)
 Metaspace       used 29042K, capacity 29420K, committed 29744K, reserved 1077248K
  class space    used 3918K, capacity 4028K, committed 4144K, reserved 1048576K
GC Heap History (10 events):
Event: 1.745 GC heap before
{Heap before GC invocations=2 (full 0):
 PSYoungGen      total 38400K, used 17216K [0x00000000d5700000, 0x00000000da200000, 0x0000000100000000)
  eden space 33280K, 48% used [0x00000000d5700000,0x00000000d66d8c10,0x00000000d7780000)
  from space 5120K, 19% used [0x00000000d7780000,0x00000000d78776d8,0x00000000d7c80000)
  to   space 5120K, 0% used [0x00000000d9d00000,0x00000000d9d00000,0x00000000da200000)
 ParOldGen       total 87552K, used 0K [0x0000000080400000, 0x0000000085980000, 0x00000000d5700000)
  object space 87552K, 0% used [0x0000000080400000,0x0000000080400000,0x0000000085980000)
 Metaspace       used 6309K, capacity 6434K, committed 6528K, reserved 1060864K
  class space    used 754K, capacity 825K, committed 896K, reserved 1048576K
Event: 1.749 GC heap after
Heap after GC invocations=2 (full 0):
 PSYoungGen      total 71680K, used 2333K [0x00000000d5700000, 0x00000000da200000, 0x0000000100000000)
  eden space 66560K, 0% used [0x00000000d5700000,0x00000000d5700000,0x00000000d9800000)
  from space 5120K, 45% used [0x00000000d9d00000,0x00000000d9f47600,0x00000000da200000)
  to   space 5120K, 0% used [0x00000000d9800000,0x00000000d9800000,0x00000000d9d00000)
 ParOldGen       total 87552K, used 8K [0x0000000080400000, 0x0000000085980000, 0x00000000d5700000)
  object space 87552K, 0% used [0x0000000080400000,0x0000000080402000,0x0000000085980000)
 Metaspace       used 6309K, capacity 6434K, committed 6528K, reserved 1060864K
  class space    used 754K, capacity 825K, committed 896K, reserved 1048576K
}
Event: 1.749 GC heap before
{Heap before GC invocations=3 (full 1):
 PSYoungGen      total 71680K, used 2333K [0x00000000d5700000, 0x00000000da200000, 0x0000000100000000)
  eden space 66560K, 0% used [0x00000000d5700000,0x00000000d5700000,0x00000000d9800000)
  from space 5120K, 45% used [0x00000000d9d00000,0x00000000d9f47600,0x00000000da200000)
  to   space 5120K, 0% used [0x00000000d9800000,0x00000000d9800000,0x00000000d9d00000)
 ParOldGen       total 87552K, used 8K [0x0000000080400000, 0x0000000085980000, 0x00000000d5700000)
  object space 87552K, 0% used [0x0000000080400000,0x0000000080402000,0x0000000085980000)
 Metaspace       used 6309K, capacity 6434K, committed 6528K, reserved 1060864K
  class space    used 754K, capacity 825K, committed 896K, reserved 1048576K
Event: 1.795 GC heap after
Heap after GC invocations=3 (full 1):
 PSYoungGen      total 71680K, used 0K [0x00000000d5700000, 0x00000000da200000, 0x0000000100000000)
  eden space 66560K, 0% used [0x00000000d5700000,0x00000000d5700000,0x00000000d9800000)
  from space 5120K, 0% used [0x00000000d9d00000,0x00000000d9d00000,0x00000000da200000)
  to   space 5120K, 0% used [0x00000000d9800000,0x00000000d9800000,0x00000000d9d00000)
 ParOldGen       total 56320K, used 2203K [0x0000000080400000, 0x0000000083b00000, 0x00000000d5700000)
  object space 56320K, 3% used [0x0000000080400000,0x0000000080626df0,0x0000000083b00000)
 Metaspace       used 6309K, capacity 6434K, committed 6528K, reserved 1058816K
  class space    used 754K, capacity 825K, committed 896K, reserved 1048576K
}
Event: 5.904 GC heap before
{Heap before GC invocations=4 (full 1):
 PSYoungGen      total 71680K, used 66560K [0x00000000d5700000, 0x00000000da200000, 0x0000000100000000)
  eden space 66560K, 100% used [0x00000000d5700000,0x00000000d9800000,0x00000000d9800000)
  from space 5120K, 0% used [0x00000000d9d00000,0x00000000d9d00000,0x00000000da200000)
  to   space 5120K, 0% used [0x00000000d9800000,0x00000000d9800000,0x00000000d9d00000)
 ParOldGen       total 56320K, used 2203K [0x0000000080400000, 0x0000000083b00000, 0x00000000d5700000)
  object space 56320K, 3% used [0x0000000080400000,0x0000000080626df0,0x0000000083b00000)
 Metaspace       used 19537K, capacity 19790K, committed 20096K, reserved 1069056K
  class space    used 2603K, capacity 2685K, committed 2688K, reserved 1048576K
Event: 5.916 GC heap after
Heap after GC invocations=4 (full 1):
 PSYoungGen      total 71680K, used 5096K [0x00000000d5700000, 0x00000000da200000, 0x0000000100000000)
  eden space 66560K, 0% used [0x00000000d5700000,0x00000000d5700000,0x00000000d9800000)
  from space 5120K, 99% used [0x00000000d9800000,0x00000000d9cfa2e8,0x00000000d9d00000)
  to   space 5120K, 0% used [0x00000000d9d00000,0x00000000d9d00000,0x00000000da200000)
 ParOldGen       total 56320K, used 6904K [0x0000000080400000, 0x0000000083b00000, 0x00000000d5700000)
  object space 56320K, 12% used [0x0000000080400000,0x0000000080abe140,0x0000000083b00000)
 Metaspace       used 19537K, capacity 19790K, committed 20096K, reserved 1069056K
  class space    used 2603K, capacity 2685K, committed 2688K, reserved 1048576K
}
Event: 6.370 GC heap before
{Heap before GC invocations=5 (full 1):
 PSYoungGen      total 71680K, used 9307K [0x00000000d5700000, 0x00000000da200000, 0x0000000100000000)
  eden space 66560K, 6% used [0x00000000d5700000,0x00000000d5b1cbe0,0x00000000d9800000)
  from space 5120K, 99% used [0x00000000d9800000,0x00000000d9cfa2e8,0x00000000d9d00000)
  to   space 5120K, 0% used [0x00000000d9d00000,0x00000000d9d00000,0x00000000da200000)
 ParOldGen       total 56320K, used 6904K [0x0000000080400000, 0x0000000083b00000, 0x00000000d5700000)
  object space 56320K, 12% used [0x0000000080400000,0x0000000080abe140,0x0000000083b00000)
 Metaspace       used 20837K, capacity 21146K, committed 21296K, reserved 1071104K
  class space    used 2740K, capacity 2817K, committed 2864K, reserved 1048576K
Event: 6.377 GC heap after
Heap after GC invocations=5 (full 1):
 PSYoungGen      total 71680K, used 4549K [0x00000000d5700000, 0x00000000da200000, 0x0000000100000000)
  eden space 66560K, 0% used [0x00000000d5700000,0x00000000d5700000,0x00000000d9800000)
  from space 5120K, 88% used [0x00000000d9d00000,0x00000000da171650,0x00000000da200000)
  to   space 5120K, 0% used [0x00000000d9800000,0x00000000d9800000,0x00000000d9d00000)
 ParOldGen       total 56320K, used 6912K [0x0000000080400000, 0x0000000083b00000, 0x00000000d5700000)
  object space 56320K, 12% used [0x0000000080400000,0x0000000080ac0140,0x0000000083b00000)
 Metaspace       used 20837K, capacity 21146K, committed 21296K, reserved 1071104K
  class space    used 2740K, capacity 2817K, committed 2864K, reserved 1048576K
}
Event: 6.377 GC heap before
{Heap before GC invocations=6 (full 2):
 PSYoungGen      total 71680K, used 4549K [0x00000000d5700000, 0x00000000da200000, 0x0000000100000000)
  eden space 66560K, 0% used [0x00000000d5700000,0x00000000d5700000,0x00000000d9800000)
  from space 5120K, 88% used [0x00000000d9d00000,0x00000000da171650,0x00000000da200000)
  to   space 5120K, 0% used [0x00000000d9800000,0x00000000d9800000,0x00000000d9d00000)
 ParOldGen       total 56320K, used 6912K [0x0000000080400000, 0x0000000083b00000, 0x00000000d5700000)
  object space 56320K, 12% used [0x0000000080400000,0x0000000080ac0140,0x0000000083b00000)
 Metaspace       used 20837K, capacity 21146K, committed 21296K, reserved 1071104K
  class space    used 2740K, capacity 2817K, committed 2864K, reserved 1048576K
Event: 6.409 GC heap after
Heap after GC invocations=6 (full 2):
 PSYoungGen      total 71680K, used 0K [0x00000000d5700000, 0x00000000da200000, 0x0000000100000000)
  eden space 66560K, 0% used [0x00000000d5700000,0x00000000d5700000,0x00000000d9800000)
  from space 5120K, 0% used [0x00000000d9d00000,0x00000000d9d00000,0x00000000da200000)
  to   space 5120K, 0% used [0x00000000d9800000,0x00000000d9800000,0x00000000d9d00000)
 ParOldGen       total 56320K, used 5986K [0x0000000080400000, 0x0000000083b00000, 0x00000000d5700000)
  object space 56320K, 10% used [0x0000000080400000,0x00000000809d8a58,0x0000000083b00000)
 Metaspace       used 20837K, capacity 21146K, committed 21296K, reserved 1071104K
  class space    used 2740K, capacity 2817K, committed 2864K, reserved 1048576K
}

